<?xml version="1.0" encoding="UTF-8"?>
<!-- Generated by org.testng.reporters.JUnitXMLReporter -->
<testsuite ignored="0" hostname="LAPTOP-KQD2HIRQ" failures="0" tests="2" name="MyFirstTest" time="27.447" errors="0" timestamp="2022-12-28T00:20:12 IST">
  <testcase classname="testCases.AdminUsersTestCases" name="validateAdminProfileWithFaker" time="3.25"/>
  <testcase classname="testCases.AdminUsersTestCases" name="validateAdminProfileAlreadyExists" time="2.235"/>
</testsuite> <!-- MyFirstTest -->
