<?xml version="1.0" encoding="UTF-8"?>
<!-- Generated by org.testng.reporters.JUnitXMLReporter -->
<testsuite hostname="LAPTOP-KQD2HIRQ" ignored="0" name="MyFirstTest" tests="4" failures="0" timestamp="2023-01-10T10:37:51 IST" time="29.502" errors="0">
  <testcase name="validateSizeOfStatusDropdown" time="2.1" classname="testCases.ManageOrdersTestCases"/>
  <testcase name="validatePaymentModeIsBank" time="3.041" classname="testCases.ManageOrdersTestCases"/>
  <testcase name="validateOrderIdAndPaymentMode" time="4.278" classname="testCases.ManageOrdersTestCases"/>
  <testcase name="validateDeletionOfProductOrder" time="7.358" classname="testCases.ManageOrdersTestCases"/>
</testsuite> <!-- MyFirstTest -->
