<?xml version="1.0" encoding="UTF-8"?>
<!-- Generated by org.testng.reporters.JUnitXMLReporter -->
<testsuite hostname="LAPTOP-KQD2HIRQ" ignored="0" name="MySecondTest" tests="5" failures="0" timestamp="2023-01-09T20:16:57 IST" time="219.376" errors="0">
  <testcase name="validateTitleOfThePage" time="1.346" classname="testCases.PushNotificationsTestCases"/>
  <testcase name="validateColorOfMandatoryField" time="0.0" classname="testCases.PushNotificationsTestCases">
    <skipped/>
  </testcase> <!-- validateColorOfMandatoryField -->
  <testcase name="validateColorOfSendButton" time="0.0" classname="testCases.PushNotificationsTestCases">
    <skipped/>
  </testcase> <!-- validateColorOfSendButton -->
  <testcase name="validateAlertMessage" time="0.0" classname="testCases.PushNotificationsTestCases">
    <skipped/>
  </testcase> <!-- validateAlertMessage -->
  <testcase name="validateAlertMsgBgColor" time="0.0" classname="testCases.PushNotificationsTestCases">
    <skipped/>
  </testcase> <!-- validateAlertMsgBgColor -->
</testsuite> <!-- MySecondTest -->
