<?xml version="1.0" encoding="UTF-8"?>
<!-- Generated by org.testng.reporters.JUnitXMLReporter -->
<testsuite hostname="LAPTOP-KQD2HIRQ" ignored="0" name="MyThirdTest" tests="2" failures="0" timestamp="2023-01-09T20:17:13 IST" time="15.724" errors="0">
  <testcase name="validateAdminProfileWithFaker" time="3.713" classname="testCases.AdminUsersTestCases"/>
  <testcase name="validateAdminProfileAlreadyExists" time="3.233" classname="testCases.AdminUsersTestCases"/>
</testsuite> <!-- MyThirdTest -->
