<?xml version="1.0" encoding="UTF-8"?>
<!-- Generated by org.testng.reporters.JUnitXMLReporter -->
<testsuite hostname="LAPTOP-KQD2HIRQ" ignored="14" name="MyTestSuite" tests="6" failures="0" timestamp="2023-01-09T21:02:07 IST" time="42.556" errors="0">
  <testcase name="validateToolKit" time="5.121" classname="testCases.ManageDeliveryBoyTestCases"/>
  <testcase name="validateTitleOfThePage" time="1.295" classname="testCases.PushNotificationsTestCases"/>
  <testcase name="validateVegIsSelectedByDefault" time="3.27" classname="testCases.ManageProductTestCases"/>
  <testcase name="validateCountOfActiveStatus" time="1.826" classname="testCases.ManageLocationTestCases"/>
  <testcase name="validateAdminProfileWithFaker" time="3.653" classname="testCases.AdminUsersTestCases"/>
  <testcase name="validateDeletionOfProductOrder" time="7.789" classname="testCases.ManageOrdersTestCases"/>
  <testcase name="validateStateNameFromDropdown" time="0.0" classname="testCases.ManageLocationTestCases">
    <ignored/>
  </testcase> <!-- validateStateNameFromDropdown -->
  <testcase name="validateSearchButtonColor" time="0.0" classname="testCases.ManageDeliveryBoyTestCases">
    <ignored/>
  </testcase> <!-- validateSearchButtonColor -->
  <testcase name="validateAlertMsgBgColor" time="0.0" classname="testCases.PushNotificationsTestCases">
    <ignored/>
  </testcase> <!-- validateAlertMsgBgColor -->
  <testcase name="validateAdminProfileAlreadyExists" time="0.0" classname="testCases.AdminUsersTestCases">
    <ignored/>
  </testcase> <!-- validateAdminProfileAlreadyExists -->
  <testcase name="validateSearchButtonClickability" time="0.0" classname="testCases.ManageDeliveryBoyTestCases">
    <ignored/>
  </testcase> <!-- validateSearchButtonClickability -->
  <testcase name="validateStockIsYesByDefault" time="0.0" classname="testCases.ManageProductTestCases">
    <ignored/>
  </testcase> <!-- validateStockIsYesByDefault -->
  <testcase name="validateStylePropertyOfSaveButton" time="0.0" classname="testCases.ManageProductTestCases">
    <ignored/>
  </testcase> <!-- validateStylePropertyOfSaveButton -->
  <testcase name="validateUploadedFileIsPreviewDisplayed" time="0.0" classname="testCases.ManageProductTestCases">
    <ignored/>
  </testcase> <!-- validateUploadedFileIsPreviewDisplayed -->
  <testcase name="validatePaymentModeIsBank" time="0.0" classname="testCases.ManageOrdersTestCases">
    <ignored/>
  </testcase> <!-- validatePaymentModeIsBank -->
  <testcase name="validateColorOfMandatoryField" time="0.0" classname="testCases.PushNotificationsTestCases">
    <ignored/>
  </testcase> <!-- validateColorOfMandatoryField -->
  <testcase name="validateSizeOfStatusDropdown" time="0.0" classname="testCases.ManageOrdersTestCases">
    <ignored/>
  </testcase> <!-- validateSizeOfStatusDropdown -->
  <testcase name="validateAlertMessage" time="0.0" classname="testCases.PushNotificationsTestCases">
    <ignored/>
  </testcase> <!-- validateAlertMessage -->
  <testcase name="validateColorOfSendButton" time="0.0" classname="testCases.PushNotificationsTestCases">
    <ignored/>
  </testcase> <!-- validateColorOfSendButton -->
  <testcase name="validateOrderIdAndPaymentMode" time="0.0" classname="testCases.ManageOrdersTestCases">
    <ignored/>
  </testcase> <!-- validateOrderIdAndPaymentMode -->
</testsuite> <!-- MyTestSuite -->
