<?xml version="1.0" encoding="UTF-8"?>
<!-- Generated by org.testng.reporters.JUnitXMLReporter -->
<testsuite ignored="0" hostname="LAPTOP-KQD2HIRQ" failures="0" tests="6" name="MyRetryTest" time="60.532" errors="0" timestamp="2022-12-30T23:41:51 IST">
  <testcase classname="testCases.ManageProductTestCases" name="validateVegIsSelectedByDefault" time="3.068"/>
  <testcase classname="testCases.ManageProductTestCases" name="validateStockIsYesByDefault" time="4.46"/>
  <testcase classname="testCases.ManageProductTestCases" name="validateStylePropertyOfSaveButton" time="3.599"/>
  <testcase classname="testCases.ManageProductTestCases" name="validateUploadedFileIsPreviewDisplayed" time="8.657">
    <skipped/>
  </testcase> <!-- validateUploadedFileIsPreviewDisplayed -->
  <testcase classname="testCases.ManageProductTestCases" name="validateUploadedFileIsPreviewDisplayed" time="5.637">
    <skipped/>
  </testcase> <!-- validateUploadedFileIsPreviewDisplayed -->
  <testcase classname="testCases.ManageProductTestCases" name="validateUploadedFileIsPreviewDisplayed" time="8.443"/>
</testsuite> <!-- MyRetryTest -->
