<?xml version="1.0" encoding="UTF-8"?>
<testng-results ignored="0" total="2" passed="2" failed="0" skipped="0">
  <reporter-output>
  </reporter-output>
  <suite started-at="2022-12-25T17:19:00 IST" name="TestRunnerSuite" finished-at="2022-12-25T17:19:13 IST" duration-ms="12724">
    <groups>
    </groups>
    <test started-at="2022-12-25T17:19:00 IST" name="MyFirstTest" finished-at="2022-12-25T17:19:13 IST" duration-ms="12724">
      <class name="testCases.ManageExpenseTestCases">
        <test-method is-config="true" signature="beforeMethod(java.lang.String)[pri:0, instance:testCases.ManageExpenseTestCases@16293aa2]" started-at="2022-12-25T17:19:00 IST" name="beforeMethod" finished-at="2022-12-25T17:19:03 IST" duration-ms="2691" status="PASS">
          <params>
            <param index="0">
              <value>
                <![CDATA[chrome]]>
              </value>
            </param>
          </params>
          <reporter-output>
          </reporter-output>
        </test-method> <!-- beforeMethod -->
        <test-method signature="validatingTheProductTitleAlreadyExists()[pri:1, instance:testCases.ManageExpenseTestCases@16293aa2]" started-at="2022-12-25T17:19:03 IST" name="validatingTheProductTitleAlreadyExists" description="Validating whether product title already exists" finished-at="2022-12-25T17:19:08 IST" duration-ms="5593" status="PASS">
          <reporter-output>
          </reporter-output>
        </test-method> <!-- validatingTheProductTitleAlreadyExists -->
        <test-method is-config="true" signature="afterMethod(org.testng.ITestResult)[pri:0, instance:testCases.ManageExpenseTestCases@16293aa2]" started-at="2022-12-25T17:19:08 IST" name="afterMethod" finished-at="2022-12-25T17:19:09 IST" duration-ms="221" status="PASS">
          <params>
            <param index="0">
              <value>
                <![CDATA[[TestResult name=validatingTheProductTitleAlreadyExists status=SUCCESS method=ManageExpenseTestCases.validatingTheProductTitleAlreadyExists()[pri:1, instance:testCases.ManageExpenseTestCases@16293aa2] output={null}]]]>
              </value>
            </param>
          </params>
          <reporter-output>
          </reporter-output>
        </test-method> <!-- afterMethod -->
        <test-method is-config="true" signature="beforeMethod(java.lang.String)[pri:0, instance:testCases.ManageExpenseTestCases@16293aa2]" started-at="2022-12-25T17:19:09 IST" name="beforeMethod" finished-at="2022-12-25T17:19:11 IST" duration-ms="2199" status="PASS">
          <params>
            <param index="0">
              <value>
                <![CDATA[chrome]]>
              </value>
            </param>
          </params>
          <reporter-output>
          </reporter-output>
        </test-method> <!-- beforeMethod -->
        <test-method signature="validatingTheProductTitleName()[pri:2, instance:testCases.ManageExpenseTestCases@16293aa2]" started-at="2022-12-25T17:19:11 IST" name="validatingTheProductTitleName" description="Validating the title of third product" finished-at="2022-12-25T17:19:13 IST" duration-ms="1814" status="PASS">
          <reporter-output>
          </reporter-output>
        </test-method> <!-- validatingTheProductTitleName -->
        <test-method is-config="true" signature="afterMethod(org.testng.ITestResult)[pri:0, instance:testCases.ManageExpenseTestCases@16293aa2]" started-at="2022-12-25T17:19:13 IST" name="afterMethod" finished-at="2022-12-25T17:19:13 IST" duration-ms="162" status="PASS">
          <params>
            <param index="0">
              <value>
                <![CDATA[[TestResult name=validatingTheProductTitleName status=SUCCESS method=ManageExpenseTestCases.validatingTheProductTitleName()[pri:2, instance:testCases.ManageExpenseTestCases@16293aa2] output={null}]]]>
              </value>
            </param>
          </params>
          <reporter-output>
          </reporter-output>
        </test-method> <!-- afterMethod -->
      </class> <!-- testCases.ManageExpenseTestCases -->
    </test> <!-- MyFirstTest -->
  </suite> <!-- TestRunnerSuite -->
</testng-results>
