<?xml version="1.0" encoding="UTF-8"?>
<testng-results ignored="0" total="2" passed="2" failed="0" skipped="0">
  <reporter-output>
  </reporter-output>
  <suite started-at="2022-12-28T00:19:44 IST" name="TestRunnerSuite" finished-at="2022-12-28T00:20:12 IST" duration-ms="27447">
    <groups>
    </groups>
    <test started-at="2022-12-28T00:19:44 IST" name="MyFirstTest" finished-at="2022-12-28T00:20:12 IST" duration-ms="27447">
      <class name="testCases.AdminUsersTestCases">
        <test-method is-config="true" signature="beforeMethod(java.lang.String)[pri:0, instance:testCases.AdminUsersTestCases@1283bb96]" started-at="2022-12-28T00:19:44 IST" name="beforeMethod" finished-at="2022-12-28T00:19:48 IST" duration-ms="3429" status="PASS">
          <params>
            <param index="0">
              <value>
                <![CDATA[chrome]]>
              </value>
            </param>
          </params>
          <reporter-output>
          </reporter-output>
        </test-method> <!-- beforeMethod -->
        <test-method signature="validateAdminProfileWithFaker()[pri:1, instance:testCases.AdminUsersTestCases@1283bb96]" started-at="2022-12-28T00:19:48 IST" name="validateAdminProfileWithFaker" description="validating a user profile already exists while using faker class" finished-at="2022-12-28T00:19:51 IST" duration-ms="3250" status="PASS">
          <reporter-output>
          </reporter-output>
        </test-method> <!-- validateAdminProfileWithFaker -->
        <test-method is-config="true" signature="afterMethod(org.testng.ITestResult)[pri:0, instance:testCases.AdminUsersTestCases@1283bb96]" started-at="2022-12-28T00:19:51 IST" name="afterMethod" finished-at="2022-12-28T00:19:51 IST" duration-ms="119" status="PASS">
          <params>
            <param index="0">
              <value>
                <![CDATA[[TestResult name=validateAdminProfileWithFaker status=SUCCESS method=AdminUsersTestCases.validateAdminProfileWithFaker()[pri:1, instance:testCases.AdminUsersTestCases@1283bb96] output={null}]]]>
              </value>
            </param>
          </params>
          <reporter-output>
          </reporter-output>
        </test-method> <!-- afterMethod -->
        <test-method is-config="true" signature="beforeMethod(java.lang.String)[pri:0, instance:testCases.AdminUsersTestCases@1283bb96]" started-at="2022-12-28T00:19:51 IST" name="beforeMethod" finished-at="2022-12-28T00:19:53 IST" duration-ms="2101" status="PASS">
          <params>
            <param index="0">
              <value>
                <![CDATA[chrome]]>
              </value>
            </param>
          </params>
          <reporter-output>
          </reporter-output>
        </test-method> <!-- beforeMethod -->
        <test-method signature="validateAdminProfileAlreadyExists()[pri:2, instance:testCases.AdminUsersTestCases@1283bb96]" started-at="2022-12-28T00:19:53 IST" name="validateAdminProfileAlreadyExists" description="validating a user profile already exists" finished-at="2022-12-28T00:19:56 IST" duration-ms="2235" status="PASS">
          <reporter-output>
          </reporter-output>
        </test-method> <!-- validateAdminProfileAlreadyExists -->
        <test-method is-config="true" signature="afterMethod(org.testng.ITestResult)[pri:0, instance:testCases.AdminUsersTestCases@1283bb96]" started-at="2022-12-28T00:19:56 IST" name="afterMethod" finished-at="2022-12-28T00:20:12 IST" duration-ms="16279" status="PASS">
          <params>
            <param index="0">
              <value>
                <![CDATA[[TestResult name=validateAdminProfileAlreadyExists status=SUCCESS method=AdminUsersTestCases.validateAdminProfileAlreadyExists()[pri:2, instance:testCases.AdminUsersTestCases@1283bb96] output={null}]]]>
              </value>
            </param>
          </params>
          <reporter-output>
          </reporter-output>
        </test-method> <!-- afterMethod -->
      </class> <!-- testCases.AdminUsersTestCases -->
    </test> <!-- MyFirstTest -->
  </suite> <!-- TestRunnerSuite -->
</testng-results>
