<?xml version="1.0" encoding="UTF-8"?>
<testng-results ignored="4" total="5" passed="1" failed="0" skipped="0">
  <reporter-output>
  </reporter-output>
  <suite started-at="2022-12-25T12:27:58 IST" name="TestRunnerSuite" finished-at="2022-12-25T12:28:03 IST" duration-ms="4893">
    <groups>
    </groups>
    <test started-at="2022-12-25T12:27:58 IST" name="MyFirstTest" finished-at="2022-12-25T12:28:03 IST" duration-ms="4893">
      <class name="testCases.LoginTestCases">
        <test-method is-config="true" signature="beforeMethod(java.lang.String)[pri:0, instance:testCases.LoginTestCases@6069db50]" started-at="2022-12-25T12:27:58 IST" name="beforeMethod" finished-at="2022-12-25T12:28:01 IST" duration-ms="3188" status="PASS">
          <params>
            <param index="0">
              <value>
                <![CDATA[chrome]]>
              </value>
            </param>
          </params>
          <reporter-output>
          </reporter-output>
        </test-method> <!-- beforeMethod -->
        <test-method signature="excelRead()[pri:0, instance:testCases.LoginTestCases@6069db50]" started-at="2022-12-25T12:28:01 IST" name="excelRead" finished-at="2022-12-25T12:28:03 IST" duration-ms="1497" status="PASS">
          <reporter-output>
          </reporter-output>
        </test-method> <!-- excelRead -->
        <test-method is-config="true" signature="afterMethod(org.testng.ITestResult)[pri:0, instance:testCases.LoginTestCases@6069db50]" started-at="2022-12-25T12:28:03 IST" name="afterMethod" finished-at="2022-12-25T12:28:03 IST" duration-ms="163" status="PASS">
          <params>
            <param index="0">
              <value>
                <![CDATA[[TestResult name=excelRead status=SUCCESS method=LoginTestCases.excelRead()[pri:0, instance:testCases.LoginTestCases@6069db50] output={null}]]]>
              </value>
            </param>
          </params>
          <reporter-output>
          </reporter-output>
        </test-method> <!-- afterMethod -->
      </class> <!-- testCases.LoginTestCases -->
    </test> <!-- MyFirstTest -->
  </suite> <!-- TestRunnerSuite -->
</testng-results>
