<?xml version="1.0" encoding="UTF-8"?>
<testng-results ignored="0" total="3" passed="3" failed="0" skipped="0">
  <reporter-output>
  </reporter-output>
  <suite started-at="2022-12-28T11:38:41 IST" name="My Extent Report Suite" finished-at="2022-12-28T11:39:00 IST" duration-ms="19422">
    <groups>
    </groups>
    <test started-at="2022-12-28T11:38:41 IST" name="My Test" finished-at="2022-12-28T11:39:00 IST" duration-ms="19422">
      <class name="testCases.MobileSliderTestCases">
        <test-method is-config="true" signature="beforeMethod(java.lang.String)[pri:0, instance:testCases.MobileSliderTestCases@f6efaab]" started-at="2022-12-28T11:38:41 IST" name="beforeMethod" finished-at="2022-12-28T11:38:48 IST" duration-ms="6572" status="PASS">
          <params>
            <param index="0">
              <value>
                <![CDATA[chrome]]>
              </value>
            </param>
          </params>
          <reporter-output>
          </reporter-output>
        </test-method> <!-- beforeMethod -->
        <test-method signature="validateTitleOfThePage()[pri:1, instance:testCases.MobileSliderTestCases@f6efaab]" started-at="2022-12-28T11:38:48 IST" name="validateTitleOfThePage" description="Validating the title of mobile slider page" finished-at="2022-12-28T11:38:51 IST" duration-ms="2956" status="PASS">
          <reporter-output>
          </reporter-output>
        </test-method> <!-- validateTitleOfThePage -->
        <test-method is-config="true" signature="afterMethod(org.testng.ITestResult)[pri:0, instance:testCases.MobileSliderTestCases@f6efaab]" started-at="2022-12-28T11:38:51 IST" name="afterMethod" finished-at="2022-12-28T11:38:51 IST" duration-ms="284" status="PASS">
          <params>
            <param index="0">
              <value>
                <![CDATA[[TestResult name=validateTitleOfThePage status=SUCCESS method=MobileSliderTestCases.validateTitleOfThePage()[pri:1, instance:testCases.MobileSliderTestCases@f6efaab] output={null}]]]>
              </value>
            </param>
          </params>
          <reporter-output>
          </reporter-output>
        </test-method> <!-- afterMethod -->
        <test-method is-config="true" signature="beforeMethod(java.lang.String)[pri:0, instance:testCases.MobileSliderTestCases@f6efaab]" started-at="2022-12-28T11:38:51 IST" name="beforeMethod" finished-at="2022-12-28T11:38:53 IST" duration-ms="2527" status="PASS">
          <params>
            <param index="0">
              <value>
                <![CDATA[chrome]]>
              </value>
            </param>
          </params>
          <reporter-output>
          </reporter-output>
        </test-method> <!-- beforeMethod -->
        <test-method signature="validateImageDisplay()[pri:2, instance:testCases.MobileSliderTestCases@f6efaab]" started-at="2022-12-28T11:38:53 IST" name="validateImageDisplay" description="Validating whether the first image is displayed" finished-at="2022-12-28T11:38:55 IST" duration-ms="1866" status="PASS">
          <reporter-output>
          </reporter-output>
        </test-method> <!-- validateImageDisplay -->
        <test-method is-config="true" signature="afterMethod(org.testng.ITestResult)[pri:0, instance:testCases.MobileSliderTestCases@f6efaab]" started-at="2022-12-28T11:38:55 IST" name="afterMethod" finished-at="2022-12-28T11:38:55 IST" duration-ms="160" status="PASS">
          <params>
            <param index="0">
              <value>
                <![CDATA[[TestResult name=validateImageDisplay status=SUCCESS method=MobileSliderTestCases.validateImageDisplay()[pri:2, instance:testCases.MobileSliderTestCases@f6efaab] output={null}]]]>
              </value>
            </param>
          </params>
          <reporter-output>
          </reporter-output>
        </test-method> <!-- afterMethod -->
        <test-method is-config="true" signature="beforeMethod(java.lang.String)[pri:0, instance:testCases.MobileSliderTestCases@f6efaab]" started-at="2022-12-28T11:38:55 IST" name="beforeMethod" finished-at="2022-12-28T11:38:58 IST" duration-ms="2353" status="PASS">
          <params>
            <param index="0">
              <value>
                <![CDATA[chrome]]>
              </value>
            </param>
          </params>
          <reporter-output>
          </reporter-output>
        </test-method> <!-- beforeMethod -->
        <test-method signature="validateStatusOfFirstImage()[pri:3, instance:testCases.MobileSliderTestCases@f6efaab]" started-at="2022-12-28T11:38:58 IST" name="validateStatusOfFirstImage" description="Validating the status of first image" finished-at="2022-12-28T11:39:00 IST" duration-ms="2069" status="PASS">
          <reporter-output>
          </reporter-output>
        </test-method> <!-- validateStatusOfFirstImage -->
        <test-method is-config="true" signature="afterMethod(org.testng.ITestResult)[pri:0, instance:testCases.MobileSliderTestCases@f6efaab]" started-at="2022-12-28T11:39:00 IST" name="afterMethod" finished-at="2022-12-28T11:39:00 IST" duration-ms="212" status="PASS">
          <params>
            <param index="0">
              <value>
                <![CDATA[[TestResult name=validateStatusOfFirstImage status=SUCCESS method=MobileSliderTestCases.validateStatusOfFirstImage()[pri:3, instance:testCases.MobileSliderTestCases@f6efaab] output={null}]]]>
              </value>
            </param>
          </params>
          <reporter-output>
          </reporter-output>
        </test-method> <!-- afterMethod -->
      </class> <!-- testCases.MobileSliderTestCases -->
    </test> <!-- My Test -->
  </suite> <!-- My Extent Report Suite -->
</testng-results>
