<?xml version="1.0" encoding="UTF-8"?>
<testng-results skipped="0" failed="0" ignored="4" total="5" passed="1">
  <reporter-output>
  </reporter-output>
  <suite name="TestRunnerSuite" duration-ms="20534" started-at="2023-01-16T09:20:46 IST" finished-at="2023-01-16T09:21:07 IST">
    <groups>
    </groups>
    <test name="MyFirstTest" duration-ms="20534" started-at="2023-01-16T09:20:46 IST" finished-at="2023-01-16T09:21:07 IST">
      <class name="testCases.LoginTestCases">
        <test-method status="PASS" signature="beforeMethod(java.lang.String)[pri:0, instance:testCases.LoginTestCases@4abdb505]" name="beforeMethod" is-config="true" duration-ms="3487" started-at="2023-01-16T09:20:46 IST" finished-at="2023-01-16T09:20:50 IST">
          <params>
            <param index="0">
              <value>
                <![CDATA[chrome]]>
              </value>
            </param>
          </params>
          <reporter-output>
          </reporter-output>
        </test-method> <!-- beforeMethod -->
        <test-method status="PASS" signature="profileNameStyleValidation()[pri:3, instance:testCases.LoginTestCases@4abdb505]" name="profileNameStyleValidation" duration-ms="751" started-at="2023-01-16T09:20:50 IST" description="Validating color property of profile name" finished-at="2023-01-16T09:20:51 IST">
          <reporter-output>
          </reporter-output>
        </test-method> <!-- profileNameStyleValidation -->
        <test-method status="PASS" signature="afterMethod(org.testng.ITestResult)[pri:0, instance:testCases.LoginTestCases@4abdb505]" name="afterMethod" is-config="true" duration-ms="16270" started-at="2023-01-16T09:20:51 IST" finished-at="2023-01-16T09:21:07 IST">
          <params>
            <param index="0">
              <value>
                <![CDATA[[TestResult name=profileNameStyleValidation status=SUCCESS method=LoginTestCases.profileNameStyleValidation()[pri:3, instance:testCases.LoginTestCases@4abdb505] output={null}]]]>
              </value>
            </param>
          </params>
          <reporter-output>
          </reporter-output>
        </test-method> <!-- afterMethod -->
      </class> <!-- testCases.LoginTestCases -->
    </test> <!-- MyFirstTest -->
  </suite> <!-- TestRunnerSuite -->
</testng-results>
